<?xml version="1.0" encoding="UTF-8" ?>
<testsuite errors="0" failures="0" hostname="Creative-NB" name="gui.CamStartDefaultTest" tests="1" time="18.211" timestamp="2011-10-18T00:16:42">
  <properties>
[...]
</properties>
  <testcase classname="gui.CamStartDefaultTest" name="Test" time="18.139" />
  <system-out><![CDATA[setUp
Thread: main
waiting for gui to load..
State:RUNNABLE
State:RUNNABLE
starting main
Thread: Thread-0
initializing bot..
OS: Windows 7
utils.video.VideoManager$RunnableProcessor | Started Video Streaming
utils.video.VideoManager$RunnableProcessor | Ended Video Streaming
tearDown ..
Display is disposed!
finished with main
]]></system-out>
  <system-err><![CDATA[log4j:WARN No appenders could be found for logger (org.eclipse.swtbot.swt.finder.matchers.AbstractMatcher).
log4j:WARN Please initialize the log4j system properly.
]]></system-err>
</testsuite>
