<?xml version="1.0" encoding="UTF-8" ?>
<testsuite errors="1" failures="0" hostname="Creative-NB" name="gui.SetBackgroundTest" tests="1" time="0.0" timestamp="2011-10-27T20:01:37">
  <properties>
[...]
</properties>
  <testcase classname="gui.SetBackgroundTest" name="Test" time="0.0">
    <error message="Forked Java VM exited abnormally. Please note the time in the report does not reflect the time until the VM exit." type="junit.framework.AssertionFailedError">junit.framework.AssertionFailedError: Forked Java VM exited abnormally. Please note the time in the report does not reflect the time until the VM exit.
	at org.eclipse.ant.internal.launching.remote.EclipseDefaultExecutor.executeTargets(EclipseDefaultExecutor.java:32)
	at org.eclipse.ant.internal.launching.remote.InternalAntRunner.run(InternalAntRunner.java:423)
	at org.eclipse.ant.internal.launching.remote.InternalAntRunner.main(InternalAntRunner.java:137)
</error>
  </testcase>
</testsuite>
