<?xml version="1.0" encoding="UTF-8" ?>
<testsuite errors="0" failures="0" hostname="Creative-NB" name="gui.RecordVideoTest" tests="1" time="17.586" timestamp="2011-10-18T00:17:01">
  <properties>
[...]
</properties>
  <testcase classname="gui.RecordVideoTest" name="Test" time="17.518" />
  <system-out><![CDATA[setUp
Thread: main
waiting for gui to load..
State:RUNNABLE
State:RUNNABLE
starting main
Thread: Thread-0
initializing bot..
OS: Windows 7
utils.video.VideoManager$RunnableProcessor | Started Video Streaming
setting background..
start tracing..
tearDown ..
Display is disposed!
]]></system-out>
  <system-err><![CDATA[log4j:WARN No appenders could be found for logger (org.eclipse.swtbot.swt.finder.matchers.AbstractMatcher).
log4j:WARN Please initialize the log4j system properly.
org.eclipse.swt.SWTException: Failed to execute runnable (java.lang.NullPointerException)
	at org.eclipse.swt.SWT.error(SWT.java:4083)
	at org.eclipse.swt.SWT.error(SWT.java:3998)
	at org.eclipse.swt.widgets.Synchronizer.syncExec(Synchronizer.java:195)
	at org.eclipse.swt.widgets.Display.syncExec(Display.java:4584)
	at sys.GUITest.tearDown(GUITest.java:77)
	at sun.reflect.NativeMethodAccessorImpl.invoke0(Native Method)
	at sun.reflect.NativeMethodAccessorImpl.invoke(NativeMethodAccessorImpl.java:39)
	at sun.reflect.DelegatingMethodAccessorImpl.invoke(DelegatingMethodAccessorImpl.java:25)
	at java.lang.reflect.Method.invoke(Method.java:597)
	at org.junit.runners.model.FrameworkMethod$1.runReflectiveCall(FrameworkMethod.java:44)
	at org.junit.internal.runners.model.ReflectiveCallable.run(ReflectiveCallable.java:15)
	at org.junit.runners.model.FrameworkMethod.invokeExplosively(FrameworkMethod.java:41)
	at org.junit.internal.runners.statements.RunAfters.evaluate(RunAfters.java:37)
	at org.junit.runners.BlockJUnit4ClassRunner.runChild(BlockJUnit4ClassRunner.java:76)
	at org.junit.runners.BlockJUnit4ClassRunner.runChild(BlockJUnit4ClassRunner.java:50)
	at org.junit.runners.ParentRunner$3.run(ParentRunner.java:193)
	at org.junit.runners.ParentRunner$1.schedule(ParentRunner.java:52)
	at org.junit.runners.ParentRunner.runChildren(ParentRunner.java:191)
	at org.junit.runners.ParentRunner.access$000(ParentRunner.java:42)
	at org.junit.runners.ParentRunner$2.evaluate(ParentRunner.java:184)
	at org.junit.runners.ParentRunner.run(ParentRunner.java:236)
	at junit.framework.JUnit4TestAdapter.run(JUnit4TestAdapter.java:39)
	at org.apache.tools.ant.taskdefs.optional.junit.JUnitTestRunner.run(JUnitTestRunner.java:420)
	at org.apache.tools.ant.taskdefs.optional.junit.JUnitTestRunner.launch(JUnitTestRunner.java:911)
	at org.apache.tools.ant.taskdefs.optional.junit.JUnitTestRunner.main(JUnitTestRunner.java:768)
Caused by: java.lang.NullPointerException
	at sys.GUITest$2.run(GUITest.java:83)
	at org.eclipse.swt.widgets.RunnableLock.run(RunnableLock.java:35)
	at org.eclipse.swt.widgets.Synchronizer.runAsyncMessages(Synchronizer.java:134)
	at org.eclipse.swt.widgets.Display.runAsyncMessages(Display.java:4041)
	at org.eclipse.swt.widgets.Display.msgFilterProc(Display.java:3375)
	at org.eclipse.swt.internal.win32.OS.MessageBoxW(Native Method)
	at org.eclipse.swt.internal.win32.OS.MessageBox(OS.java:2940)
	at org.eclipse.swt.widgets.MessageBox.open(MessageBox.java:207)
	at modules.experiment.ExperimentModule$2.run(ExperimentModule.java:481)
	at org.eclipse.swt.widgets.RunnableLock.run(RunnableLock.java:35)
	at org.eclipse.swt.widgets.Synchronizer.runAsyncMessages(Synchronizer.java:134)
	at org.eclipse.swt.widgets.Display.runAsyncMessages(Display.java:4041)
	at org.eclipse.swt.widgets.Display.readAndDispatch(Display.java:3660)
	at utils.PManager.main(PManager.java:144)
	at sys.GUITest$1$1.run(GUITest.java:59)
	at org.eclipse.swt.widgets.Synchronizer.syncExec(Synchronizer.java:179)
	at org.eclipse.swt.widgets.Display.syncExec(Display.java:4584)
	at sys.GUITest$1.run(GUITest.java:52)
	at java.lang.Thread.run(Thread.java:662)
Exception in thread "Thread-0" org.eclipse.swt.SWTException: Failed to execute runnable (org.eclipse.swt.SWTException: Failed to execute runnable (java.lang.NullPointerException))
	at org.eclipse.swt.SWT.error(SWT.java:4083)
	at org.eclipse.swt.SWT.error(SWT.java:3998)
	at org.eclipse.swt.widgets.Synchronizer.runAsyncMessages(Synchronizer.java:137)
	at org.eclipse.swt.widgets.Display.runAsyncMessages(Display.java:4041)
	at org.eclipse.swt.widgets.Display.readAndDispatch(Display.java:3660)
	at utils.PManager.main(PManager.java:144)
	at sys.GUITest$1$1.run(GUITest.java:59)
	at org.eclipse.swt.widgets.Synchronizer.syncExec(Synchronizer.java:179)
	at org.eclipse.swt.widgets.Display.syncExec(Display.java:4584)
	at sys.GUITest$1.run(GUITest.java:52)
	at java.lang.Thread.run(Thread.java:662)
Caused by: org.eclipse.swt.SWTException: Failed to execute runnable (java.lang.NullPointerException)
	at org.eclipse.swt.SWT.error(SWT.java:4083)
	at org.eclipse.swt.SWT.error(SWT.java:3998)
	at org.eclipse.swt.widgets.Synchronizer.runAsyncMessages(Synchronizer.java:137)
	at org.eclipse.swt.widgets.Display.runAsyncMessages(Display.java:4041)
	at org.eclipse.swt.widgets.Display.msgFilterProc(Display.java:3375)
	at org.eclipse.swt.internal.win32.OS.MessageBoxW(Native Method)
	at org.eclipse.swt.internal.win32.OS.MessageBox(OS.java:2940)
	at org.eclipse.swt.widgets.MessageBox.open(MessageBox.java:207)
	at modules.experiment.ExperimentModule$2.run(ExperimentModule.java:481)
	at org.eclipse.swt.widgets.RunnableLock.run(RunnableLock.java:35)
	at org.eclipse.swt.widgets.Synchronizer.runAsyncMessages(Synchronizer.java:134)
	... 8 more
Caused by: java.lang.NullPointerException
	at sys.GUITest$2.run(GUITest.java:83)
	at org.eclipse.swt.widgets.RunnableLock.run(RunnableLock.java:35)
	at org.eclipse.swt.widgets.Synchronizer.runAsyncMessages(Synchronizer.java:134)
	... 16 more
]]></system-err>
</testsuite>
